2025-04-04 18:45:56,242 - quantum_hardware.general - DEBUG - Started operation: run_circuit_Cirq Simulator
2025-04-04 18:45:56,242 - quantum_hardware.general - ERROR - Circuit execution failed on Cirq Simulator: 'NoneType' object has no attribute 'get'
2025-04-04 18:45:56,243 - quantum_hardware.general - DEBUG - Circuit execution details: {"backend": "Cirq Simulator", "n_qubits": 2, "circuit_depth": 7, "shots": 1000, "success": false, "execution_time": 5.412101745605469e-05, "error_data": {"message": "'NoneType' object has no attribute 'get'", "type": "AttributeError"}}
2025-04-04 18:45:56,243 - quantum_hardware.general - INFO - Completed operation: run_circuit_Cirq Simulator in 0.0004s
2025-04-04 18:45:56,243 - quantum_hardware.general - DEBUG - Operation metadata: {"success": false, "error": "'NoneType' object has no attribute 'get'", "execution_time": 5.412101745605469e-05, "backend": "Cirq Simulator", "circuit_qubits": 2, "circuit_depth": 7, "repetitions": 1000, "error_mitigation": null}
2025-04-04 18:45:56,243 - quantum_hardware.general - ERROR - hardware - unknown_error: 'NoneType' object has no attribute 'get'
2025-04-04 18:45:56,243 - quantum_hardware.general - ERROR - Exception details: 'NoneType' object has no attribute 'get'
2025-04-04 18:45:56,243 - quantum_hardware.general - DEBUG - Error details: {"component": "hardware", "error_type": "unknown_error", "message": "'NoneType' object has no attribute 'get'", "timestamp": "2025-04-04T18:45:56.243213", "exception": "'NoneType' object has no attribute 'get'", "exception_type": "AttributeError"}
2025-04-04 18:45:56,243 - quantum_hardware.general - DEBUG - Started operation: get_statevector_Cirq Simulator
2025-04-04 18:45:56,246 - quantum_hardware.general - INFO - Completed operation: get_statevector_Cirq Simulator in 0.0028s
2025-04-04 18:45:56,246 - quantum_hardware.general - DEBUG - Operation metadata: {"success": true, "execution_time": 0.0027170181274414062, "backend": "Cirq Simulator", "circuit_qubits": 2, "circuit_depth": 7}
2025-04-04 18:45:56,246 - quantum_hardware.general - DEBUG - Started operation: get_device_properties_Cirq Simulator
2025-04-04 18:45:56,246 - quantum_hardware.general - INFO - Completed operation: get_device_properties_Cirq Simulator in 0.0001s
2025-04-04 18:45:56,246 - quantum_hardware.general - DEBUG - Operation metadata: {"success": true}
2025-04-04 18:45:56,247 - quantum_hardware.general - DEBUG - Started operation: calibrate_Enhanced Readout Error
2025-04-04 18:45:56,247 - quantum_hardware.general - ERROR - Calibration standard_readout failed on Cirq Simulator
2025-04-04 18:45:56,247 - quantum_hardware.general - DEBUG - Calibration details: {"backend": "Cirq Simulator", "calibration_type": "standard_readout", "qubits": [0, 1, 2, 3, 4], "success": false, "timestamp": "2025-04-04T18:45:56.247273", "metrics": {"n_qubits": 5, "shots": 100}}
2025-04-04 18:45:56,247 - quantum_hardware.general - DEBUG - Started operation: run_circuit_Cirq Simulator
2025-04-04 18:45:56,247 - quantum_hardware.general - ERROR - Circuit execution failed on Cirq Simulator: 'NoneType' object has no attribute 'get'
2025-04-04 18:45:56,247 - quantum_hardware.general - DEBUG - Circuit execution details: {"backend": "Cirq Simulator", "n_qubits": 5, "circuit_depth": 1, "shots": 100, "success": false, "execution_time": 1.0967254638671875e-05, "error_data": {"message": "'NoneType' object has no attribute 'get'", "type": "AttributeError"}}
2025-04-04 18:45:56,247 - quantum_hardware.general - INFO - Completed operation: run_circuit_Cirq Simulator in 0.0001s
2025-04-04 18:45:56,247 - quantum_hardware.general - DEBUG - Operation metadata: {"success": false, "error": "'NoneType' object has no attribute 'get'", "execution_time": 1.0967254638671875e-05, "backend": "Cirq Simulator", "circuit_qubits": 5, "circuit_depth": 1, "repetitions": 100, "error_mitigation": null}
2025-04-04 18:45:56,247 - quantum_hardware.general - ERROR - hardware - unknown_error: 'NoneType' object has no attribute 'get'
2025-04-04 18:45:56,247 - quantum_hardware.general - ERROR - Exception details: 'NoneType' object has no attribute 'get'
2025-04-04 18:45:56,247 - quantum_hardware.general - DEBUG - Error details: {"component": "hardware", "error_type": "unknown_error", "message": "'NoneType' object has no attribute 'get'", "timestamp": "2025-04-04T18:45:56.247597", "exception": "'NoneType' object has no attribute 'get'", "exception_type": "AttributeError"}
2025-04-04 18:45:56,247 - quantum_hardware.general - ERROR - Calibration standard_readout failed on Cirq Simulator
2025-04-04 18:45:56,247 - quantum_hardware.general - DEBUG - Calibration details: {"backend": "Cirq Simulator", "calibration_type": "standard_readout", "qubits": [0, 1, 2, 3, 4], "success": false, "timestamp": "2025-04-04T18:45:56.247720", "metrics": {"error": "unknown_error: 'NoneType' object has no attribute 'get' (Backend: Cirq Simulator)"}, "duration": 0.0004961490631103516}
2025-04-04 18:45:56,247 - quantum_hardware.general - INFO - Completed operation: calibrate_Enhanced Readout Error in 0.0006s
2025-04-04 18:45:56,247 - quantum_hardware.general - DEBUG - Operation metadata: {"success": false, "duration": 0.0004961490631103516, "error": "unknown_error: 'NoneType' object has no attribute 'get' (Backend: Cirq Simulator)"}
2025-04-04 18:45:56,247 - quantum_hardware.general - ERROR - hardware - calibration_error: Readout error calibration failed: unknown_error: 'NoneType' object has no attribute 'get' (Backend: Cirq Simulator)
2025-04-04 18:45:56,247 - quantum_hardware.general - DEBUG - Error details: {"component": "hardware", "error_type": "calibration_error", "message": "Readout error calibration failed: unknown_error: 'NoneType' object has no attribute 'get' (Backend: Cirq Simulator)", "timestamp": "2025-04-04T18:45:56.247866"}
2025-04-04 18:45:56,247 - quantum_hardware.general - DEBUG - Started operation: mitigate_Dynamical Decoupling
2025-04-04 18:45:56,247 - quantum_hardware.general - INFO - Completed operation: mitigate_Dynamical Decoupling in 0.0001s
2025-04-04 18:45:56,248 - quantum_hardware.general - DEBUG - Operation metadata: {"success": true, "n_qubits": 2, "sequence_type": "XY4", "original_circuit_depth": 7, "mitigated_circuit_depth": 7}
2025-04-04 18:45:56,248 - quantum_hardware.general - DEBUG - Started operation: run_circuit_Cirq Simulator
2025-04-04 18:45:56,248 - quantum_hardware.general - ERROR - Circuit execution failed on Cirq Simulator: 'NoneType' object has no attribute 'get'
2025-04-04 18:45:56,248 - quantum_hardware.general - DEBUG - Circuit execution details: {"backend": "Cirq Simulator", "n_qubits": 2, "circuit_depth": 7, "shots": 1000, "success": false, "execution_time": 1.8835067749023438e-05, "error_data": {"message": "'NoneType' object has no attribute 'get'", "type": "AttributeError"}}
2025-04-04 18:45:56,248 - quantum_hardware.general - INFO - Completed operation: run_circuit_Cirq Simulator in 0.0001s
2025-04-04 18:45:56,248 - quantum_hardware.general - DEBUG - Operation metadata: {"success": false, "error": "'NoneType' object has no attribute 'get'", "execution_time": 1.8835067749023438e-05, "backend": "Cirq Simulator", "circuit_qubits": 2, "circuit_depth": 7, "repetitions": 1000, "error_mitigation": null}
2025-04-04 18:45:56,248 - quantum_hardware.general - ERROR - hardware - unknown_error: 'NoneType' object has no attribute 'get'
2025-04-04 18:45:56,248 - quantum_hardware.general - ERROR - Exception details: 'NoneType' object has no attribute 'get'
2025-04-04 18:45:56,248 - quantum_hardware.general - DEBUG - Error details: {"component": "hardware", "error_type": "unknown_error", "message": "'NoneType' object has no attribute 'get'", "timestamp": "2025-04-04T18:45:56.248316", "exception": "'NoneType' object has no attribute 'get'", "exception_type": "AttributeError"}
2025-04-04 18:45:56,248 - quantum_hardware.general - DEBUG - Started operation: mitigate_Zero Noise Extrapolation
2025-04-04 18:45:56,248 - quantum_hardware.general - INFO - Completed operation: mitigate_Zero Noise Extrapolation in 0.0004s
2025-04-04 18:45:56,248 - quantum_hardware.general - DEBUG - Operation metadata: {"success": true, "scale_factors": [1.0, 2.0, 3.0], "extrapolation_method": "linear", "n_circuits": 3}
2025-04-04 18:45:56,248 - quantum_hardware.general - DEBUG - Started operation: run_circuit_Cirq Simulator
2025-04-04 18:45:56,249 - quantum_hardware.general - ERROR - Circuit execution failed on Cirq Simulator: 'NoneType' object has no attribute 'get'
2025-04-04 18:45:56,249 - quantum_hardware.general - DEBUG - Circuit execution details: {"backend": "Cirq Simulator", "n_qubits": 2, "circuit_depth": 7, "shots": 1000, "success": false, "execution_time": 2.2172927856445312e-05, "error_data": {"message": "'NoneType' object has no attribute 'get'", "type": "AttributeError"}}
2025-04-04 18:45:56,249 - quantum_hardware.general - INFO - Completed operation: run_circuit_Cirq Simulator in 0.0001s
2025-04-04 18:45:56,249 - quantum_hardware.general - DEBUG - Operation metadata: {"success": false, "error": "'NoneType' object has no attribute 'get'", "execution_time": 2.2172927856445312e-05, "backend": "Cirq Simulator", "circuit_qubits": 2, "circuit_depth": 7, "repetitions": 1000, "error_mitigation": null}
2025-04-04 18:45:56,249 - quantum_hardware.general - ERROR - hardware - unknown_error: 'NoneType' object has no attribute 'get'
2025-04-04 18:45:56,249 - quantum_hardware.general - ERROR - Exception details: 'NoneType' object has no attribute 'get'
2025-04-04 18:45:56,249 - quantum_hardware.general - DEBUG - Error details: {"component": "hardware", "error_type": "unknown_error", "message": "'NoneType' object has no attribute 'get'", "timestamp": "2025-04-04T18:45:56.249132", "exception": "'NoneType' object has no attribute 'get'", "exception_type": "AttributeError"}
2025-04-04 18:45:56,249 - quantum_hardware.general - DEBUG - Started operation: get_backend_cirq_simulator
2025-04-04 18:45:56,249 - quantum_hardware.general - INFO - Completed operation: get_backend_cirq_simulator in 0.0004s
2025-04-04 18:45:56,249 - quantum_hardware.general - DEBUG - Operation metadata: {"success": true, "backend_name": "cirq_simulator", "enhanced": true}
2025-04-04 18:45:56,249 - quantum_hardware.general - DEBUG - Started operation: enhanced_execute_with_hardware
2025-04-04 18:45:56,250 - quantum_hardware.general - ERROR - Circuit execution failed on Cirq Simulator: 'NoneType' object has no attribute 'get'
2025-04-04 18:45:56,250 - quantum_hardware.general - ERROR - Circuit execution failed on Cirq Simulator: 'NoneType' object has no attribute 'get'
2025-04-04 18:45:56,250 - quantum_hardware.general - INFO - Completed operation: run_circuit_Cirq Simulator in 0.0001s
2025-04-04 18:45:56,250 - quantum_hardware.general - INFO - Completed operation: run_circuit_Cirq Simulator in 0.0001s
2025-04-04 18:45:56,250 - quantum_hardware.general - ERROR - hardware - unknown_error: 'NoneType' object has no attribute 'get'
2025-04-04 18:45:56,250 - quantum_hardware.general - ERROR - hardware - unknown_error: 'NoneType' object has no attribute 'get'
2025-04-04 18:45:56,250 - quantum_hardware.general - ERROR - Exception details: 'NoneType' object has no attribute 'get'
2025-04-04 18:45:56,250 - quantum_hardware.general - ERROR - Exception details: 'NoneType' object has no attribute 'get'
2025-04-04 18:45:56,250 - quantum_hardware.general - INFO - Completed operation: enhanced_execute_with_hardware in 0.0004s
2025-04-04 18:45:56,250 - quantum_hardware.general - INFO - Completed operation: enhanced_execute_with_hardware in 0.0004s
2025-04-04 18:45:56,250 - quantum_hardware.general - INFO - Completed operation: get_backend_cirq_simulator in 0.0004s
2025-04-04 18:45:56,250 - quantum_hardware.general - INFO - Completed operation: get_backend_cirq_simulator in 0.0004s
2025-04-04 18:45:56,250 - quantum_hardware.general - INFO - Completed operation: get_backend_cirq_simulator in 0.0004s
2025-04-04 18:45:56,250 - quantum_hardware.general - ERROR - Circuit execution failed on Cirq Simulator: 'NoneType' object has no attribute 'get'
2025-04-04 18:45:56,250 - quantum_hardware.general - ERROR - Circuit execution failed on Cirq Simulator: 'NoneType' object has no attribute 'get'
2025-04-04 18:45:56,250 - quantum_hardware.general - ERROR - Circuit execution failed on Cirq Simulator: 'NoneType' object has no attribute 'get'
2025-04-04 18:45:56,250 - quantum_hardware.general - INFO - Completed operation: run_circuit_Cirq Simulator in 0.0001s
2025-04-04 18:45:56,250 - quantum_hardware.general - INFO - Completed operation: run_circuit_Cirq Simulator in 0.0001s
2025-04-04 18:45:56,250 - quantum_hardware.general - INFO - Completed operation: run_circuit_Cirq Simulator in 0.0001s
2025-04-04 18:45:56,250 - quantum_hardware.general - ERROR - hardware - unknown_error: 'NoneType' object has no attribute 'get'
2025-04-04 18:45:56,250 - quantum_hardware.general - ERROR - hardware - unknown_error: 'NoneType' object has no attribute 'get'
2025-04-04 18:45:56,250 - quantum_hardware.general - ERROR - hardware - unknown_error: 'NoneType' object has no attribute 'get'
2025-04-04 18:45:56,250 - quantum_hardware.general - ERROR - Exception details: 'NoneType' object has no attribute 'get'
2025-04-04 18:45:56,250 - quantum_hardware.general - ERROR - Exception details: 'NoneType' object has no attribute 'get'
2025-04-04 18:45:56,250 - quantum_hardware.general - ERROR - Exception details: 'NoneType' object has no attribute 'get'
2025-04-04 18:45:56,251 - quantum_hardware.general - INFO - Completed operation: enhanced_execute_with_hardware in 0.0007s
2025-04-04 18:45:56,251 - quantum_hardware.general - INFO - Completed operation: enhanced_execute_with_hardware in 0.0007s
2025-04-04 18:45:56,251 - quantum_hardware.general - INFO - Completed operation: enhanced_execute_with_hardware in 0.0007s
2025-04-04 18:45:56,251 - quantum_hardware.general - ERROR - Circuit execution failed on Cirq Simulator: 'NoneType' object has no attribute 'get'
2025-04-04 18:45:56,251 - quantum_hardware.general - ERROR - Circuit execution failed on Cirq Simulator: 'NoneType' object has no attribute 'get'
2025-04-04 18:45:56,251 - quantum_hardware.general - ERROR - Circuit execution failed on Cirq Simulator: 'NoneType' object has no attribute 'get'
2025-04-04 18:45:56,251 - quantum_hardware.general - ERROR - Circuit execution failed on Cirq Simulator: 'NoneType' object has no attribute 'get'
2025-04-04 18:45:56,251 - quantum_hardware.general - INFO - Completed operation: run_circuit_Cirq Simulator in 0.0001s
2025-04-04 18:45:56,251 - quantum_hardware.general - INFO - Completed operation: run_circuit_Cirq Simulator in 0.0001s
2025-04-04 18:45:56,251 - quantum_hardware.general - INFO - Completed operation: run_circuit_Cirq Simulator in 0.0001s
2025-04-04 18:45:56,251 - quantum_hardware.general - INFO - Completed operation: run_circuit_Cirq Simulator in 0.0001s
2025-04-04 18:45:56,251 - quantum_hardware.general - ERROR - hardware - unknown_error: 'NoneType' object has no attribute 'get'
2025-04-04 18:45:56,251 - quantum_hardware.general - ERROR - hardware - unknown_error: 'NoneType' object has no attribute 'get'
2025-04-04 18:45:56,251 - quantum_hardware.general - ERROR - hardware - unknown_error: 'NoneType' object has no attribute 'get'
2025-04-04 18:45:56,251 - quantum_hardware.general - ERROR - hardware - unknown_error: 'NoneType' object has no attribute 'get'
2025-04-04 18:45:56,251 - quantum_hardware.general - ERROR - Exception details: 'NoneType' object has no attribute 'get'
2025-04-04 18:45:56,251 - quantum_hardware.general - ERROR - Exception details: 'NoneType' object has no attribute 'get'
2025-04-04 18:45:56,251 - quantum_hardware.general - ERROR - Exception details: 'NoneType' object has no attribute 'get'
2025-04-04 18:45:56,251 - quantum_hardware.general - ERROR - Exception details: 'NoneType' object has no attribute 'get'
2025-04-04 18:45:56,252 - quantum_hardware.general - INFO - Completed operation: enhanced_execute_with_hardware in 0.0004s
2025-04-04 18:45:56,252 - quantum_hardware.general - INFO - Completed operation: enhanced_execute_with_hardware in 0.0004s
2025-04-04 18:45:56,252 - quantum_hardware.general - INFO - Completed operation: enhanced_execute_with_hardware in 0.0004s
2025-04-04 18:45:56,252 - quantum_hardware.general - INFO - Completed operation: enhanced_execute_with_hardware in 0.0004s
2025-04-04 18:45:56,252 - quantum_hardware.general - ERROR - error_handler - ValueError: Validation error: Test value error
2025-04-04 18:45:56,252 - quantum_hardware.general - ERROR - error_handler - ValueError: Validation error: Test value error
2025-04-04 18:45:56,252 - quantum_hardware.general - ERROR - error_handler - ValueError: Validation error: Test value error
2025-04-04 18:45:56,252 - quantum_hardware.general - ERROR - error_handler - ValueError: Validation error: Test value error
2025-04-04 18:45:56,252 - quantum_hardware.general - ERROR - Exception details: Test value error
2025-04-04 18:45:56,252 - quantum_hardware.general - ERROR - Exception details: Test value error
2025-04-04 18:45:56,252 - quantum_hardware.general - ERROR - Exception details: Test value error
2025-04-04 18:45:56,252 - quantum_hardware.general - ERROR - Exception details: Test value error
2025-04-04 18:45:56,252 - quantum_hardware.general - ERROR - hardware - validation_error: Test value error
2025-04-04 18:45:56,252 - quantum_hardware.general - ERROR - hardware - validation_error: Test value error
2025-04-04 18:45:56,252 - quantum_hardware.general - ERROR - hardware - validation_error: Test value error
2025-04-04 18:45:56,252 - quantum_hardware.general - ERROR - hardware - validation_error: Test value error
2025-04-04 18:45:56,252 - quantum_hardware.general - ERROR - Exception details: Test value error
2025-04-04 18:45:56,252 - quantum_hardware.general - ERROR - Exception details: Test value error
2025-04-04 18:45:56,252 - quantum_hardware.general - ERROR - Exception details: Test value error
2025-04-04 18:45:56,252 - quantum_hardware.general - ERROR - Exception details: Test value error
2025-04-04 18:45:56,252 - quantum_hardware.general - ERROR - error_handler - ConnectionError: Connection error: Test connection error
2025-04-04 18:45:56,252 - quantum_hardware.general - ERROR - error_handler - ConnectionError: Connection error: Test connection error
2025-04-04 18:45:56,252 - quantum_hardware.general - ERROR - error_handler - ConnectionError: Connection error: Test connection error
2025-04-04 18:45:56,252 - quantum_hardware.general - ERROR - error_handler - ConnectionError: Connection error: Test connection error
2025-04-04 18:45:56,252 - quantum_hardware.general - ERROR - Exception details: Test connection error
2025-04-04 18:45:56,252 - quantum_hardware.general - ERROR - Exception details: Test connection error
2025-04-04 18:45:56,252 - quantum_hardware.general - ERROR - Exception details: Test connection error
2025-04-04 18:45:56,252 - quantum_hardware.general - ERROR - Exception details: Test connection error
2025-04-04 18:45:56,252 - quantum_hardware.general - ERROR - hardware - connection_error: Failed to connect to quantum hardware: Test connection error
2025-04-04 18:45:56,252 - quantum_hardware.general - ERROR - hardware - connection_error: Failed to connect to quantum hardware: Test connection error
2025-04-04 18:45:56,252 - quantum_hardware.general - ERROR - hardware - connection_error: Failed to connect to quantum hardware: Test connection error
2025-04-04 18:45:56,252 - quantum_hardware.general - ERROR - hardware - connection_error: Failed to connect to quantum hardware: Test connection error
2025-04-04 18:45:56,252 - quantum_hardware.general - ERROR - Exception details: Test connection error
2025-04-04 18:45:56,252 - quantum_hardware.general - ERROR - Exception details: Test connection error
2025-04-04 18:45:56,252 - quantum_hardware.general - ERROR - Exception details: Test connection error
2025-04-04 18:45:56,252 - quantum_hardware.general - ERROR - Exception details: Test connection error
2025-04-04 18:45:56,252 - quantum_hardware.general - ERROR - error_handler - ConnectionError: Connection error: Test timeout error
2025-04-04 18:45:56,252 - quantum_hardware.general - ERROR - error_handler - ConnectionError: Connection error: Test timeout error
2025-04-04 18:45:56,252 - quantum_hardware.general - ERROR - error_handler - ConnectionError: Connection error: Test timeout error
2025-04-04 18:45:56,252 - quantum_hardware.general - ERROR - error_handler - ConnectionError: Connection error: Test timeout error
2025-04-04 18:45:56,252 - quantum_hardware.general - ERROR - Exception details: Test timeout error
2025-04-04 18:45:56,252 - quantum_hardware.general - ERROR - Exception details: Test timeout error
2025-04-04 18:45:56,252 - quantum_hardware.general - ERROR - Exception details: Test timeout error
2025-04-04 18:45:56,252 - quantum_hardware.general - ERROR - Exception details: Test timeout error
2025-04-04 18:45:56,252 - quantum_hardware.general - ERROR - hardware - connection_error: Failed to connect to quantum hardware: Test timeout error
2025-04-04 18:45:56,252 - quantum_hardware.general - ERROR - hardware - connection_error: Failed to connect to quantum hardware: Test timeout error
2025-04-04 18:45:56,252 - quantum_hardware.general - ERROR - hardware - connection_error: Failed to connect to quantum hardware: Test timeout error
2025-04-04 18:45:56,252 - quantum_hardware.general - ERROR - hardware - connection_error: Failed to connect to quantum hardware: Test timeout error
2025-04-04 18:45:56,252 - quantum_hardware.general - ERROR - Exception details: Test timeout error
2025-04-04 18:45:56,252 - quantum_hardware.general - ERROR - Exception details: Test timeout error
2025-04-04 18:45:56,252 - quantum_hardware.general - ERROR - Exception details: Test timeout error
2025-04-04 18:45:56,252 - quantum_hardware.general - ERROR - Exception details: Test timeout error
2025-04-04 18:45:56,252 - quantum_hardware.general - ERROR - error_handler - MemoryError: Out of memory during quantum operation
2025-04-04 18:45:56,252 - quantum_hardware.general - ERROR - error_handler - MemoryError: Out of memory during quantum operation
2025-04-04 18:45:56,252 - quantum_hardware.general - ERROR - error_handler - MemoryError: Out of memory during quantum operation
2025-04-04 18:45:56,252 - quantum_hardware.general - ERROR - error_handler - MemoryError: Out of memory during quantum operation
2025-04-04 18:45:56,252 - quantum_hardware.general - ERROR - hardware - resource_error: Out of memory. Try reducing circuit size or number of qubits.
2025-04-04 18:45:56,252 - quantum_hardware.general - ERROR - hardware - resource_error: Out of memory. Try reducing circuit size or number of qubits.
2025-04-04 18:45:56,252 - quantum_hardware.general - ERROR - hardware - resource_error: Out of memory. Try reducing circuit size or number of qubits.
2025-04-04 18:45:56,252 - quantum_hardware.general - ERROR - hardware - resource_error: Out of memory. Try reducing circuit size or number of qubits.
2025-04-04 18:45:56,252 - quantum_hardware.general - ERROR - error_handler - ConnectionError: Connection error: Test permission error
2025-04-04 18:45:56,252 - quantum_hardware.general - ERROR - error_handler - ConnectionError: Connection error: Test permission error
2025-04-04 18:45:56,252 - quantum_hardware.general - ERROR - error_handler - ConnectionError: Connection error: Test permission error
2025-04-04 18:45:56,252 - quantum_hardware.general - ERROR - error_handler - ConnectionError: Connection error: Test permission error
2025-04-04 18:45:56,252 - quantum_hardware.general - ERROR - Exception details: Test permission error
2025-04-04 18:45:56,252 - quantum_hardware.general - ERROR - Exception details: Test permission error
2025-04-04 18:45:56,252 - quantum_hardware.general - ERROR - Exception details: Test permission error
2025-04-04 18:45:56,252 - quantum_hardware.general - ERROR - Exception details: Test permission error
2025-04-04 18:45:56,253 - quantum_hardware.general - ERROR - hardware - connection_error: Failed to connect to quantum hardware: Test permission error
2025-04-04 18:45:56,253 - quantum_hardware.general - ERROR - hardware - connection_error: Failed to connect to quantum hardware: Test permission error
2025-04-04 18:45:56,253 - quantum_hardware.general - ERROR - hardware - connection_error: Failed to connect to quantum hardware: Test permission error
2025-04-04 18:45:56,253 - quantum_hardware.general - ERROR - hardware - connection_error: Failed to connect to quantum hardware: Test permission error
2025-04-04 18:45:56,253 - quantum_hardware.general - ERROR - Exception details: Test permission error
2025-04-04 18:45:56,253 - quantum_hardware.general - ERROR - Exception details: Test permission error
2025-04-04 18:45:56,253 - quantum_hardware.general - ERROR - Exception details: Test permission error
2025-04-04 18:45:56,253 - quantum_hardware.general - ERROR - Exception details: Test permission error
2025-04-04 18:45:56,253 - quantum_hardware.general - ERROR - error_handler - Exception: Unexpected error in quantum operation: 'Test key error'
2025-04-04 18:45:56,253 - quantum_hardware.general - ERROR - error_handler - Exception: Unexpected error in quantum operation: 'Test key error'
2025-04-04 18:45:56,253 - quantum_hardware.general - ERROR - error_handler - Exception: Unexpected error in quantum operation: 'Test key error'
2025-04-04 18:45:56,253 - quantum_hardware.general - ERROR - error_handler - Exception: Unexpected error in quantum operation: 'Test key error'
2025-04-04 18:45:56,253 - quantum_hardware.general - ERROR - Exception details: 'Test key error'
2025-04-04 18:45:56,253 - quantum_hardware.general - ERROR - Exception details: 'Test key error'
2025-04-04 18:45:56,253 - quantum_hardware.general - ERROR - Exception details: 'Test key error'
2025-04-04 18:45:56,253 - quantum_hardware.general - ERROR - Exception details: 'Test key error'
2025-04-04 18:45:56,253 - quantum_hardware.general - ERROR - hardware - internal_error: Unexpected error during quantum operation: 'Test key error'
2025-04-04 18:45:56,253 - quantum_hardware.general - ERROR - hardware - internal_error: Unexpected error during quantum operation: 'Test key error'
2025-04-04 18:45:56,253 - quantum_hardware.general - ERROR - hardware - internal_error: Unexpected error during quantum operation: 'Test key error'
2025-04-04 18:45:56,253 - quantum_hardware.general - ERROR - hardware - internal_error: Unexpected error during quantum operation: 'Test key error'
2025-04-04 18:45:56,253 - quantum_hardware.general - ERROR - Exception details: 'Test key error'
2025-04-04 18:45:56,253 - quantum_hardware.general - ERROR - Exception details: 'Test key error'
2025-04-04 18:45:56,253 - quantum_hardware.general - ERROR - Exception details: 'Test key error'
2025-04-04 18:45:56,253 - quantum_hardware.general - ERROR - Exception details: 'Test key error'
2025-04-04 18:45:56,253 - quantum_hardware.general - ERROR - error_handler - Exception: Error in function function_that_fails: Simulated failure in processing
2025-04-04 18:45:56,253 - quantum_hardware.general - ERROR - error_handler - Exception: Error in function function_that_fails: Simulated failure in processing
2025-04-04 18:45:56,253 - quantum_hardware.general - ERROR - error_handler - Exception: Error in function function_that_fails: Simulated failure in processing
2025-04-04 18:45:56,253 - quantum_hardware.general - ERROR - error_handler - Exception: Error in function function_that_fails: Simulated failure in processing
2025-04-04 18:45:56,253 - quantum_hardware.general - ERROR - Exception details: Simulated failure in processing
2025-04-04 18:45:56,253 - quantum_hardware.general - ERROR - Exception details: Simulated failure in processing
2025-04-04 18:45:56,253 - quantum_hardware.general - ERROR - Exception details: Simulated failure in processing
2025-04-04 18:45:56,253 - quantum_hardware.general - ERROR - Exception details: Simulated failure in processing
2025-04-04 18:45:56,253 - quantum_hardware.general - WARNING - Operation run_with_retries failed with error: Simulated failure #1. Retrying (1/5)...
2025-04-04 18:45:56,253 - quantum_hardware.general - WARNING - Operation run_with_retries failed with error: Simulated failure #1. Retrying (1/5)...
2025-04-04 18:45:56,253 - quantum_hardware.general - WARNING - Operation run_with_retries failed with error: Simulated failure #1. Retrying (1/5)...
2025-04-04 18:45:56,253 - quantum_hardware.general - WARNING - Operation run_with_retries failed with error: Simulated failure #1. Retrying (1/5)...
2025-04-04 18:45:56,359 - quantum_hardware.general - WARNING - Operation run_with_retries failed with error: Simulated failure #2. Retrying (2/5)...
2025-04-04 18:45:56,359 - quantum_hardware.general - WARNING - Operation run_with_retries failed with error: Simulated failure #2. Retrying (2/5)...
2025-04-04 18:45:56,359 - quantum_hardware.general - WARNING - Operation run_with_retries failed with error: Simulated failure #2. Retrying (2/5)...
2025-04-04 18:45:56,359 - quantum_hardware.general - WARNING - Operation run_with_retries failed with error: Simulated failure #2. Retrying (2/5)...
2025-04-04 18:45:56,564 - quantum_hardware.general - ERROR - hardware - connection_error: Simulated failure #1
2025-04-04 18:45:56,564 - quantum_hardware.general - ERROR - hardware - connection_error: Simulated failure #1
2025-04-04 18:45:56,564 - quantum_hardware.general - ERROR - hardware - connection_error: Simulated failure #1
2025-04-04 18:45:56,564 - quantum_hardware.general - ERROR - hardware - connection_error: Simulated failure #1
2025-04-04 18:45:56,564 - quantum_hardware.general - ERROR - Exception details: Simulated failure #1
2025-04-04 18:45:56,564 - quantum_hardware.general - ERROR - Exception details: Simulated failure #1
2025-04-04 18:45:56,564 - quantum_hardware.general - ERROR - Exception details: Simulated failure #1
2025-04-04 18:45:56,564 - quantum_hardware.general - ERROR - Exception details: Simulated failure #1
